# Logfile created on 2015-08-28 14:57:29 +0100 by logger.rb/47272
I [2015-08-28 14:57:29.262] [[32mConnectionManager[0m] Connection opened: #<Connection::e8e9bdf2a9490c9c5170>
I [2015-08-28 14:57:29.287] [[32mChannel[0m] #<Connection::e8e9bdf2a9490c9c5170> subscribed to channel order_lines
I [2015-08-28 14:57:29.287] [[32mChannel[0m] sending token
I [2015-08-28 14:57:34.904] [[32mChannel[0m] [order_lines] #<Order id: 2, client_id: 3, waiter_id: 4, table_id: 2, total: #<BigDecimal:7f9ab0be0c88,'0.9099999999 9999999777 9553950749 68691915E2',45(54)>, status: "Processing", created_at: "2015-08-25 15:56:37", updated_at: "2015-08-28 13:57:34", session_cookie: nil>
I [2015-08-28 14:57:40.864] [[32mChannel[0m] [order_lines] #<Order id: 2, client_id: 3, waiter_id: 4, table_id: 2, total: #<BigDecimal:7f9aabf95180,'0.9774999999 9999999777 9553950749 68691915E2',45(54)>, status: "Processing", created_at: "2015-08-25 15:56:37", updated_at: "2015-08-28 13:57:40", session_cookie: nil>
I [2015-08-28 14:58:14.957] [[32mChannel[0m] #<Connection::e8e9bdf2a9490c9c5170> unsubscribed from channel order_lines
I [2015-08-28 14:58:14.957] [[32mConnectionManager[0m] Connection closed: #<Connection::e8e9bdf2a9490c9c5170>
I [2015-08-28 14:58:15.930] [[32mConnectionManager[0m] Connection opened: #<Connection::7bf7fe63f5705c3fb5f2>
I [2015-08-28 14:58:15.949] [[32mChannel[0m] #<Connection::7bf7fe63f5705c3fb5f2> subscribed to channel order_lines
I [2015-08-28 14:58:15.949] [[32mChannel[0m] sending token
I [2015-08-28 14:58:19.919] [[32mChannel[0m] [order_lines] #<Order id: 2, client_id: 3, waiter_id: 4, table_id: 2, total: #<BigDecimal:7f9ab08a55c8,'0.1044999999 9999999977 7955395074 968691915E3',45(54)>, status: "Processing", created_at: "2015-08-25 15:56:37", updated_at: "2015-08-28 13:58:19", session_cookie: nil>
I [2015-08-28 14:58:27.111] [[32mChannel[0m] [order_lines] #<Order id: 2, client_id: 3, waiter_id: 4, table_id: 2, total: #<BigDecimal:7f9ab2020e50,'0.1094999999 9999999977 7955395074 968691915E3',45(54)>, status: "Processing", created_at: "2015-08-25 15:56:37", updated_at: "2015-08-28 13:58:27", session_cookie: nil>
I [2015-08-28 14:58:28.699] [[32mChannel[0m] [order_lines] #<Order id: 2, client_id: 3, waiter_id: 4, table_id: 2, total: #<BigDecimal:7f9aaf3894a0,'0.1162499999 9999999977 7955395074 968691915E3',45(54)>, status: "Processing", created_at: "2015-08-25 15:56:37", updated_at: "2015-08-28 13:58:28", session_cookie: nil>
I [2015-08-28 14:58:30.338] [[32mChannel[0m] [order_lines] #<Order id: 2, client_id: 3, waiter_id: 4, table_id: 2, total: #<BigDecimal:7f9aab6ddec0,'0.1212499999 9999999977 7955395074 968691915E3',45(54)>, status: "Processing", created_at: "2015-08-25 15:56:37", updated_at: "2015-08-28 13:58:30", session_cookie: nil>
I [2015-08-28 14:58:53.834] [[32mChannel[0m] [order_lines] #<Order id: 2, client_id: 3, waiter_id: 4, table_id: 2, total: #<BigDecimal:7f9aaf3d1a48,'0.1262499999 9999999977 7955395074 968691915E3',45(54)>, status: "Processing", created_at: "2015-08-25 15:56:37", updated_at: "2015-08-28 13:58:53", session_cookie: nil>
I [2015-08-28 14:58:54.715] [[32mChannel[0m] [order_lines] #<Order id: 2, client_id: 3, waiter_id: 4, table_id: 2, total: #<BigDecimal:7f9aada5f088,'0.1274499999 9999999973 3546474089 962430298E3',45(54)>, status: "Processing", created_at: "2015-08-25 15:56:37", updated_at: "2015-08-28 13:58:54", session_cookie: nil>
I [2015-08-28 14:58:55.411] [[32mChannel[0m] [order_lines] #<Order id: 2, client_id: 3, waiter_id: 4, table_id: 2, total: #<BigDecimal:7f9aaf57b038,'0.1324499999 9999999973 3546474089 962430298E3',45(54)>, status: "Processing", created_at: "2015-08-25 15:56:37", updated_at: "2015-08-28 13:58:55", session_cookie: nil>
I [2015-08-28 14:58:57.821] [[32mChannel[0m] [order_lines] #<Order id: 2, client_id: 3, waiter_id: 4, table_id: 2, total: #<BigDecimal:7f9aacb79d70,'0.1391999999 9999999973 3546474089 962430298E3',45(54)>, status: "Processing", created_at: "2015-08-25 15:56:37", updated_at: "2015-08-28 13:58:57", session_cookie: nil>
I [2015-08-28 14:59:24.398] [[32mChannel[0m] #<Connection::7bf7fe63f5705c3fb5f2> unsubscribed from channel order_lines
I [2015-08-28 14:59:24.398] [[32mConnectionManager[0m] Connection closed: #<Connection::7bf7fe63f5705c3fb5f2>
I [2015-08-28 14:59:24.885] [[32mConnectionManager[0m] Connection opened: #<Connection::a50c1cbf4df4b14aae93>
I [2015-08-28 14:59:24.906] [[32mChannel[0m] #<Connection::a50c1cbf4df4b14aae93> subscribed to channel order_lines
I [2015-08-28 14:59:24.906] [[32mChannel[0m] sending token
I [2015-08-28 14:59:33.533] [[32mChannel[0m] [order_lines] #<Order id: 2, client_id: 3, waiter_id: 4, table_id: 2, total: #<BigDecimal:7f9aabd81380,'0.1441999999 9999999973 3546474089 962430298E3',45(54)>, status: "Processing", created_at: "2015-08-25 15:56:37", updated_at: "2015-08-28 13:59:33", session_cookie: nil>
I [2015-08-28 15:16:18.193] [[32mChannel[0m] #<Connection::a50c1cbf4df4b14aae93> unsubscribed from channel order_lines
I [2015-08-28 15:16:18.194] [[32mConnectionManager[0m] Connection closed: #<Connection::a50c1cbf4df4b14aae93>
I [2015-08-28 15:16:18.729] [[32mConnectionManager[0m] Connection opened: #<Connection::721e93ede0f6a842813e>
I [2015-08-28 15:16:18.732] [[32mChannel[0m] #<Connection::721e93ede0f6a842813e> subscribed to channel order_lines_undefined
I [2015-08-28 15:16:18.733] [[32mChannel[0m] sending token
I [2015-08-28 15:17:40.697] [[32mChannel[0m] #<Connection::721e93ede0f6a842813e> unsubscribed from channel order_lines_undefined
I [2015-08-28 15:17:40.698] [[32mConnectionManager[0m] Connection closed: #<Connection::721e93ede0f6a842813e>
I [2015-08-28 15:18:07.324] [[32mConnectionManager[0m] Connection opened: #<Connection::e69b4e38a7e43b1203d9>
I [2015-08-28 15:18:07.338] [[32mChannel[0m] #<Connection::e69b4e38a7e43b1203d9> subscribed to channel order_lines_undefined
I [2015-08-28 15:18:07.338] [[32mChannel[0m] sending token
I [2015-08-28 15:18:36.661] [[32mChannel[0m] #<Connection::e69b4e38a7e43b1203d9> unsubscribed from channel order_lines_undefined
I [2015-08-28 15:18:36.661] [[32mConnectionManager[0m] Connection closed: #<Connection::e69b4e38a7e43b1203d9>
I [2015-08-28 15:18:37.465] [[32mConnectionManager[0m] Connection opened: #<Connection::5d038fe2434cd6f8feed>
I [2015-08-28 15:18:37.484] [[32mChannel[0m] #<Connection::5d038fe2434cd6f8feed> subscribed to channel order_lines_undefined
I [2015-08-28 15:18:37.484] [[32mChannel[0m] sending token
I [2015-08-28 15:18:41.146] [[32mChannel[0m] [order_lines_2] #<Order id: 2, client_id: 3, waiter_id: 4, table_id: 2, total: #<BigDecimal:7f9ab0f06fc0,'0.1509499999 9999999973 3546474089 962430298E3',45(54)>, status: "Processing", created_at: "2015-08-25 15:56:37", updated_at: "2015-08-28 14:18:41", session_cookie: nil>
I [2015-08-28 15:18:45.131] [[32mChannel[0m] [order_lines_2] #<Order id: 2, client_id: 3, waiter_id: 4, table_id: 2, total: #<BigDecimal:7f9ab085f460,'0.1576999999 9999999973 3546474089 962430298E3',45(54)>, status: "Processing", created_at: "2015-08-25 15:56:37", updated_at: "2015-08-28 14:18:45", session_cookie: nil>
I [2015-08-28 15:18:50.308] [[32mChannel[0m] [order_lines_2] #<Order id: 2, client_id: 3, waiter_id: 4, table_id: 2, total: #<BigDecimal:7f9ab189b1a8,'0.1644499999 9999999973 3546474089 962430298E3',45(54)>, status: "Processing", created_at: "2015-08-25 15:56:37", updated_at: "2015-08-28 14:18:50", session_cookie: nil>
I [2015-08-28 15:20:14.553] [[32mChannel[0m] #<Connection::5d038fe2434cd6f8feed> unsubscribed from channel order_lines_undefined
I [2015-08-28 15:20:14.553] [[32mConnectionManager[0m] Connection closed: #<Connection::5d038fe2434cd6f8feed>
I [2015-08-28 15:20:15.451] [[32mConnectionManager[0m] Connection opened: #<Connection::9c69ccbc96e5b9deead6>
I [2015-08-28 15:20:15.471] [[32mChannel[0m] #<Connection::9c69ccbc96e5b9deead6> subscribed to channel order_lines_undefined
I [2015-08-28 15:20:15.471] [[32mChannel[0m] sending token
I [2015-08-28 15:20:46.184] [[32mChannel[0m] #<Connection::9c69ccbc96e5b9deead6> unsubscribed from channel order_lines_undefined
I [2015-08-28 15:20:46.185] [[32mConnectionManager[0m] Connection closed: #<Connection::9c69ccbc96e5b9deead6>
I [2015-08-28 15:20:47.159] [[32mConnectionManager[0m] Connection opened: #<Connection::87a9c48824f32a84adab>
I [2015-08-28 15:20:47.168] [[32mChannel[0m] #<Connection::87a9c48824f32a84adab> subscribed to channel order_lines_undefined
I [2015-08-28 15:20:47.168] [[32mChannel[0m] sending token
I [2015-08-28 15:22:35.536] [[32mChannel[0m] #<Connection::87a9c48824f32a84adab> unsubscribed from channel order_lines_undefined
I [2015-08-28 15:22:35.536] [[32mConnectionManager[0m] Connection closed: #<Connection::87a9c48824f32a84adab>
I [2015-08-28 15:22:36.445] [[32mConnectionManager[0m] Connection opened: #<Connection::c250e16d421c7bc2a591>
I [2015-08-28 15:22:36.471] [[32mChannel[0m] #<Connection::c250e16d421c7bc2a591> subscribed to channel order_lines_undefined
I [2015-08-28 15:22:36.471] [[32mChannel[0m] sending token
I [2015-08-28 15:23:33.323] [[32mChannel[0m] #<Connection::c250e16d421c7bc2a591> unsubscribed from channel order_lines_undefined
I [2015-08-28 15:23:33.323] [[32mConnectionManager[0m] Connection closed: #<Connection::c250e16d421c7bc2a591>
I [2015-08-28 15:24:28.205] [[32mConnectionManager[0m] Connection opened: #<Connection::cfc57191a0b25e273609>
I [2015-08-28 15:24:28.247] [[32mChannel[0m] #<Connection::cfc57191a0b25e273609> subscribed to channel order_lines_undefined
I [2015-08-28 15:24:28.247] [[32mChannel[0m] sending token
I [2015-08-28 15:25:00.718] [[32mChannel[0m] #<Connection::cfc57191a0b25e273609> unsubscribed from channel order_lines_undefined
I [2015-08-28 15:25:00.718] [[32mConnectionManager[0m] Connection closed: #<Connection::cfc57191a0b25e273609>
I [2015-08-28 15:25:01.608] [[32mConnectionManager[0m] Connection opened: #<Connection::c0e3a8107ca8022b23f2>
I [2015-08-28 15:25:01.615] [[32mChannel[0m] #<Connection::c0e3a8107ca8022b23f2> subscribed to channel order_lines_undefined
I [2015-08-28 15:25:01.615] [[32mChannel[0m] sending token
I [2015-08-28 15:25:18.453] [[32mChannel[0m] #<Connection::c0e3a8107ca8022b23f2> unsubscribed from channel order_lines_undefined
I [2015-08-28 15:25:18.453] [[32mConnectionManager[0m] Connection closed: #<Connection::c0e3a8107ca8022b23f2>
I [2015-08-28 15:25:19.191] [[32mConnectionManager[0m] Connection opened: #<Connection::f861fe67b620f61ddaa6>
I [2015-08-28 15:25:19.212] [[32mChannel[0m] #<Connection::f861fe67b620f61ddaa6> subscribed to channel order_lines_undefined
I [2015-08-28 15:25:19.212] [[32mChannel[0m] sending token
I [2015-08-28 16:01:54.527] [[32mChannel[0m] #<Connection::f861fe67b620f61ddaa6> unsubscribed from channel order_lines_undefined
I [2015-08-28 16:01:54.528] [[32mConnectionManager[0m] Connection closed: #<Connection::f861fe67b620f61ddaa6>
I [2015-08-28 16:01:54.945] [[32mConnectionManager[0m] Connection opened: #<Connection::7b9cb46c3f196b039c63>
I [2015-08-28 16:01:54.990] [[32mChannel[0m] #<Connection::7b9cb46c3f196b039c63> subscribed to channel order_lines_undefined
I [2015-08-28 16:01:54.990] [[32mChannel[0m] sending token
I [2015-08-28 16:02:05.356] [[32mChannel[0m] #<Connection::7b9cb46c3f196b039c63> unsubscribed from channel order_lines_undefined
I [2015-08-28 16:02:05.356] [[32mConnectionManager[0m] Connection closed: #<Connection::7b9cb46c3f196b039c63>
I [2015-08-28 16:02:06.276] [[32mConnectionManager[0m] Connection opened: #<Connection::d60a47c5fcdfd4502a03>
I [2015-08-28 16:02:06.348] [[32mChannel[0m] #<Connection::d60a47c5fcdfd4502a03> subscribed to channel order_lines_undefined
I [2015-08-28 16:02:06.348] [[32mChannel[0m] sending token
I [2015-08-28 16:43:00.708] [[32mChannel[0m] #<Connection::d60a47c5fcdfd4502a03> unsubscribed from channel order_lines_undefined
I [2015-08-28 16:43:00.708] [[32mConnectionManager[0m] Connection closed: #<Connection::d60a47c5fcdfd4502a03>
I [2015-08-28 16:43:01.553] [[32mConnectionManager[0m] Connection opened: #<Connection::3fd783f24286ac4b2424>
I [2015-08-28 16:43:01.570] [[32mChannel[0m] #<Connection::3fd783f24286ac4b2424> subscribed to channel order_lines_undefined
I [2015-08-28 16:43:01.571] [[32mChannel[0m] sending token
I [2015-08-28 16:43:17.642] [[32mChannel[0m] #<Connection::3fd783f24286ac4b2424> unsubscribed from channel order_lines_undefined
I [2015-08-28 16:43:17.642] [[32mConnectionManager[0m] Connection closed: #<Connection::3fd783f24286ac4b2424>
I [2015-08-28 16:43:18.393] [[32mConnectionManager[0m] Connection opened: #<Connection::23fba306e54e7d3316a5>
I [2015-08-28 16:43:32.789] [[32mConnectionManager[0m] Connection closed: #<Connection::23fba306e54e7d3316a5>
I [2015-08-28 16:43:33.731] [[32mConnectionManager[0m] Connection opened: #<Connection::0e8fa8ba1504ed43dfae>
I [2015-08-28 16:43:33.740] [[32mChannel[0m] #<Connection::0e8fa8ba1504ed43dfae> subscribed to channel order_lines_undefined
I [2015-08-28 16:43:33.740] [[32mChannel[0m] sending token
I [2015-08-28 16:45:33.373] [[32mChannel[0m] #<Connection::0e8fa8ba1504ed43dfae> unsubscribed from channel order_lines_undefined
I [2015-08-28 16:45:33.373] [[32mConnectionManager[0m] Connection closed: #<Connection::0e8fa8ba1504ed43dfae>
I [2015-08-28 16:45:34.128] [[32mConnectionManager[0m] Connection opened: #<Connection::de4ec2f0947647b16523>
I [2015-08-28 16:45:34.154] [[32mChannel[0m] #<Connection::de4ec2f0947647b16523> subscribed to channel order_lines_2
I [2015-08-28 16:45:34.154] [[32mChannel[0m] sending token
I [2015-08-28 16:46:39.134] [[32mChannel[0m] [order_lines_2] #<Order id: 2, client_id: 3, waiter_id: 4, table_id: 2, total: #<BigDecimal:7f9ab0f044a0,'0.1694499999 9999999973 3546474089 962430298E3',45(54)>, status: "Processing", created_at: "2015-08-25 15:56:37", updated_at: "2015-08-28 15:46:39", session_cookie: nil>
I [2015-08-28 16:46:45.584] [[32mChannel[0m] [order_lines_2] #<Order id: 2, client_id: 3, waiter_id: 4, table_id: 2, total: #<BigDecimal:7f9ab084d8f0,'0.1744499999 9999999973 3546474089 962430298E3',45(54)>, status: "Processing", created_at: "2015-08-25 15:56:37", updated_at: "2015-08-28 15:46:45", session_cookie: nil>
I [2015-08-28 16:48:06.781] [[32mChannel[0m] [order_lines_2] #<Proc:0x007f9ab0a8bba8@/Users/carlosmendes/Documents/Aptana Studio 3 Workspace/onlinetable/app/controllers/order_lines_controller.rb:37>
I [2015-08-28 16:48:08.610] [[32mChannel[0m] [order_lines_2] #<Proc:0x007f9aab9dcb80@/Users/carlosmendes/Documents/Aptana Studio 3 Workspace/onlinetable/app/controllers/order_lines_controller.rb:37>
I [2015-08-28 16:48:09.465] [[32mChannel[0m] [order_lines_2] #<Proc:0x007f9aaf4cf9b8@/Users/carlosmendes/Documents/Aptana Studio 3 Workspace/onlinetable/app/controllers/order_lines_controller.rb:37>
I [2015-08-28 16:49:26.496] [[32mChannel[0m] [order_lines_2] #<Proc:0x007f9aadc3e408@/Users/carlosmendes/Documents/Aptana Studio 3 Workspace/onlinetable/app/controllers/order_lines_controller.rb:37>
I [2015-08-28 16:49:27.832] [[32mChannel[0m] [order_lines_2] #<Proc:0x007f9ab08010e0@/Users/carlosmendes/Documents/Aptana Studio 3 Workspace/onlinetable/app/controllers/order_lines_controller.rb:37>
I [2015-08-28 16:49:28.604] [[32mChannel[0m] [order_lines_2] #<Proc:0x007f9aaf772580@/Users/carlosmendes/Documents/Aptana Studio 3 Workspace/onlinetable/app/controllers/order_lines_controller.rb:37>
I [2015-08-28 16:50:10.813] [[32mChannel[0m] #<Connection::de4ec2f0947647b16523> unsubscribed from channel order_lines_2
I [2015-08-28 16:50:10.813] [[32mConnectionManager[0m] Connection closed: #<Connection::de4ec2f0947647b16523>
I [2015-08-28 16:50:11.596] [[32mConnectionManager[0m] Connection opened: #<Connection::ad21f7801ba128e4c303>
I [2015-08-28 16:50:11.609] [[32mChannel[0m] #<Connection::ad21f7801ba128e4c303> subscribed to channel order_lines_2
I [2015-08-28 16:50:11.609] [[32mChannel[0m] sending token
I [2015-08-28 16:50:15.780] [[32mChannel[0m] [order_lines_2] #<Proc:0x007f9aacc9bf50@/Users/carlosmendes/Documents/Aptana Studio 3 Workspace/onlinetable/app/controllers/order_lines_controller.rb:37>
I [2015-08-28 16:50:19.369] [[32mChannel[0m] #<Connection::ad21f7801ba128e4c303> unsubscribed from channel order_lines_2
I [2015-08-28 16:50:19.369] [[32mConnectionManager[0m] Connection closed: #<Connection::ad21f7801ba128e4c303>
I [2015-08-28 16:50:20.134] [[32mConnectionManager[0m] Connection opened: #<Connection::ac418f852c371c21c1f0>
I [2015-08-28 16:50:20.170] [[32mChannel[0m] #<Connection::ac418f852c371c21c1f0> subscribed to channel order_lines_2
I [2015-08-28 16:50:20.170] [[32mChannel[0m] sending token
I [2015-08-28 16:51:12.855] [[32mChannel[0m] #<Connection::ac418f852c371c21c1f0> unsubscribed from channel order_lines_2
I [2015-08-28 16:51:12.858] [[32mConnectionManager[0m] Connection closed: #<Connection::ac418f852c371c21c1f0>
I [2015-08-28 16:51:13.204] [[32mConnectionManager[0m] Connection opened: #<Connection::af7d387c795b479613b0>
I [2015-08-28 16:51:13.237] [[32mChannel[0m] #<Connection::af7d387c795b479613b0> subscribed to channel order_lines_2
I [2015-08-28 16:51:13.237] [[32mChannel[0m] sending token
I [2015-08-28 16:51:16.713] [[32mChannel[0m] [order_lines_2] #<Proc:0x007f9aaba3df70@/Users/carlosmendes/Documents/Aptana Studio 3 Workspace/onlinetable/app/controllers/order_lines_controller.rb:38>
I [2015-08-28 16:51:58.960] [[32mChannel[0m] [order_lines_2] #<Proc:0x007f9aacb183b8@/Users/carlosmendes/Documents/Aptana Studio 3 Workspace/onlinetable/app/controllers/order_lines_controller.rb:38>
I [2015-08-28 16:52:29.780] [[32mChannel[0m] #<Connection::af7d387c795b479613b0> unsubscribed from channel order_lines_2
I [2015-08-28 16:52:29.780] [[32mConnectionManager[0m] Connection closed: #<Connection::af7d387c795b479613b0>
I [2015-08-28 16:52:30.684] [[32mConnectionManager[0m] Connection opened: #<Connection::1e7b1759f4f0d043ab00>
I [2015-08-28 16:52:30.690] [[32mChannel[0m] #<Connection::1e7b1759f4f0d043ab00> subscribed to channel order_lines_2
I [2015-08-28 16:52:30.690] [[32mChannel[0m] sending token
I [2015-08-28 16:52:32.930] [[32mChannel[0m] [order_lines_2] #<Proc:0x007f9aadd0cec0@/Users/carlosmendes/Documents/Aptana Studio 3 Workspace/onlinetable/app/controllers/order_lines_controller.rb:38>
I [2015-08-28 16:53:41.975] [[32mChannel[0m] #<Connection::1e7b1759f4f0d043ab00> unsubscribed from channel order_lines_2
I [2015-08-28 16:53:41.975] [[32mConnectionManager[0m] Connection closed: #<Connection::1e7b1759f4f0d043ab00>
I [2015-08-28 16:53:42.910] [[32mConnectionManager[0m] Connection opened: #<Connection::c1cce2df3ce82dd55c5e>
I [2015-08-28 16:53:42.943] [[32mChannel[0m] #<Connection::c1cce2df3ce82dd55c5e> subscribed to channel order_lines_2
I [2015-08-28 16:53:42.943] [[32mChannel[0m] sending token
I [2015-08-28 16:53:47.257] [[32mChannel[0m] [order_lines_2] #<Proc:0x007f9ab3e43ef0@/Users/carlosmendes/Documents/Aptana Studio 3 Workspace/onlinetable/app/controllers/order_lines_controller.rb:38>
I [2015-08-28 17:02:47.419] [[32mChannel[0m] #<Connection::c1cce2df3ce82dd55c5e> unsubscribed from channel order_lines_2
I [2015-08-28 17:02:47.419] [[32mConnectionManager[0m] Connection closed: #<Connection::c1cce2df3ce82dd55c5e>
I [2015-08-28 17:02:48.254] [[32mConnectionManager[0m] Connection opened: #<Connection::183edcaf288301053ee3>
I [2015-08-28 17:02:48.270] [[32mChannel[0m] #<Connection::183edcaf288301053ee3> subscribed to channel order_lines_2
I [2015-08-28 17:02:48.270] [[32mChannel[0m] sending token
I [2015-08-28 17:03:47.516] [[32mChannel[0m] #<Connection::183edcaf288301053ee3> unsubscribed from channel order_lines_2
I [2015-08-28 17:03:47.516] [[32mConnectionManager[0m] Connection closed: #<Connection::183edcaf288301053ee3>
I [2015-08-28 17:03:48.546] [[32mConnectionManager[0m] Connection opened: #<Connection::b913623eb669b3dae27d>
I [2015-08-28 17:03:48.549] [[32mChannel[0m] #<Connection::b913623eb669b3dae27d> subscribed to channel order_lines_2
I [2015-08-28 17:03:48.550] [[32mChannel[0m] sending token
I [2015-08-28 17:03:51.553] [[32mChannel[0m] [order_lines_2] {}
I [2015-08-28 17:04:09.505] [[32mChannel[0m] #<Connection::b913623eb669b3dae27d> unsubscribed from channel order_lines_2
I [2015-08-28 17:04:09.505] [[32mConnectionManager[0m] Connection closed: #<Connection::b913623eb669b3dae27d>
I [2015-08-28 17:04:10.591] [[32mConnectionManager[0m] Connection opened: #<Connection::cfb02677060ca3709d88>
I [2015-08-28 17:04:10.595] [[32mChannel[0m] #<Connection::cfb02677060ca3709d88> subscribed to channel order_lines_2
I [2015-08-28 17:04:10.595] [[32mChannel[0m] sending token
I [2015-08-28 17:04:14.835] [[32mChannel[0m] [order_lines_2] {}
I [2015-08-28 17:04:19.985] [[32mChannel[0m] [order_lines_2] {}
I [2015-08-28 17:04:21.972] [[32mChannel[0m] #<Connection::cfb02677060ca3709d88> unsubscribed from channel order_lines_2
I [2015-08-28 17:04:21.972] [[32mConnectionManager[0m] Connection closed: #<Connection::cfb02677060ca3709d88>
I [2015-08-28 17:04:22.947] [[32mConnectionManager[0m] Connection opened: #<Connection::60e142ef24f7dbab0278>
I [2015-08-28 17:04:22.974] [[32mChannel[0m] #<Connection::60e142ef24f7dbab0278> subscribed to channel order_lines_2
I [2015-08-28 17:04:22.974] [[32mChannel[0m] sending token
I [2015-08-28 17:09:02.909] [[32mChannel[0m] #<Connection::60e142ef24f7dbab0278> unsubscribed from channel order_lines_2
I [2015-08-28 17:09:02.910] [[32mConnectionManager[0m] Connection closed: #<Connection::60e142ef24f7dbab0278>
I [2015-08-28 17:09:03.907] [[32mConnectionManager[0m] Connection opened: #<Connection::212da8d848955aa6439a>
I [2015-08-28 17:09:03.914] [[32mChannel[0m] #<Connection::212da8d848955aa6439a> subscribed to channel order_lines_2
I [2015-08-28 17:09:03.914] [[32mChannel[0m] sending token
I [2015-08-28 17:11:41.611] [[32mChannel[0m] #<Connection::212da8d848955aa6439a> unsubscribed from channel order_lines_2
I [2015-08-28 17:11:41.611] [[32mConnectionManager[0m] Connection closed: #<Connection::212da8d848955aa6439a>
I [2015-08-28 17:11:42.641] [[32mConnectionManager[0m] Connection opened: #<Connection::2063b222a85230d7a909>
I [2015-08-28 17:11:42.661] [[32mChannel[0m] #<Connection::2063b222a85230d7a909> subscribed to channel order_lines_2
I [2015-08-28 17:11:42.661] [[32mChannel[0m] sending token
I [2015-08-28 17:11:46.437] [[32mChannel[0m] [order_lines_2] {"order"=>#<Order id: 2, client_id: 3, waiter_id: 4, table_id: 2, total: #<BigDecimal:7f9ab3c20448,'0.2611499999 9999999968 9137553104 956168681E3',45(54)>, status: "Processing", created_at: "2015-08-25 15:56:37", updated_at: "2015-08-28 16:11:46", session_cookie: nil>, "order_lines"=>#<ActiveRecord::Associations::CollectionProxy [#<OrderLine id: 68, order_id: 2, product_id: 2, quantity: #<BigDecimal:7f9ab3a5ae88,'0.1E1',9(18)>, value: #<BigDecimal:7f9ab3a5aca8,'0.1199999999 9999999555 9107901499 3738383E1',45(54)>, created_at: "2015-08-28 11:23:42", updated_at: "2015-08-28 11:23:42", status: "Requested">, #<OrderLine id: 69, order_id: 2, product_id: 2, quantity: #<BigDecimal:7f9ab3a59740,'0.1E1',9(18)>, value: #<BigDecimal:7f9ab3a595d8,'0.1199999999 9999999555 9107901499 3738383E1',45(54)>, created_at: "2015-08-28 11:23:47", updated_at: "2015-08-28 11:23:47", status: "Requested">, #<OrderLine id: 43, order_id: 2, product_id: 2, quantity: #<BigDecimal:7f9ab3a581b0,'0.12E2',9(18)>, value: #<BigDecimal:7f9ab3a33f90,'0.12E2',9(18)>, created_at: "2015-08-25 15:56:37", updated_at: "2015-08-25 17:19:43", status: "Delivered">, #<OrderLine id: 44, order_id: 2, product_id: 2, quantity: #<BigDecimal:7f9ab3a32c30,'0.23E2',9(18)>, value: #<BigDecimal:7f9ab3a32b18,'0.12E2',9(18)>, created_at: "2015-08-25 16:00:48", updated_at: "2015-08-25 17:19:52", status: "Delivered">, #<OrderLine id: 45, order_id: 2, product_id: 2, quantity: #<BigDecimal:7f9ab3a319e8,'0.12E2',9(18)>, value: #<BigDecimal:7f9ab3a318d0,'0.12E2',9(18)>, created_at: "2015-08-25 16:00:58", updated_at: "2015-08-27 17:13:13", status: "Delivered">, #<OrderLine id: 46, order_id: 2, product_id: 2, quantity: #<BigDecimal:7f9ab3a304f8,'0.233E3',9(18)>, value: #<BigDecimal:7f9ab3a30188,'0.12E2',9(18)>, created_at: "2015-08-25 16:00:58", updated_at: "2015-08-27 17:13:14", status: "Delivered">, #<OrderLine id: 59, order_id: 2, product_id: 3, quantity: #<BigDecimal:7f9ab39dad28,'0.1E1',9(18)>, value: #<BigDecimal:7f9ab39dabe8,'0.5E1',9(18)>, created_at: "2015-08-27 20:47:42", updated_at: "2015-08-27 20:48:18", status: "Canceled">, #<OrderLine id: 60, order_id: 2, product_id: 3, quantity: #<BigDecimal:7f9ab39d98d8,'0.1E1',9(18)>, value: #<BigDecimal:7f9ab39d9680,'0.5E1',9(18)>, created_at: "2015-08-27 20:47:44", updated_at: "2015-08-27 20:48:19", status: "Canceled">, #<OrderLine id: 61, order_id: 2, product_id: 3, quantity: #<BigDecimal:7f9ab39d8488,'0.1E1',9(18)>, value: #<BigDecimal:7f9ab39d8370,'0.5E1',9(18)>, created_at: "2015-08-27 20:47:44", updated_at: "2015-08-27 20:48:20", status: "Canceled">, #<OrderLine id: 62, order_id: 2, product_id: 3, quantity: #<BigDecimal:7f9ab39b32a0,'0.1E1',9(18)>, value: #<BigDecimal:7f9ab39b3160,'0.5E1',9(18)>, created_at: "2015-08-27 20:47:46", updated_at: "2015-08-27 20:48:28", status: "Canceled">, ...]>}
I [2015-08-28 17:11:48.361] [[32mChannel[0m] [order_lines_2] {"order"=>#<Order id: 2, client_id: 3, waiter_id: 4, table_id: 2, total: #<BigDecimal:7f9ab49e9d40,'0.2661499999 9999999968 9137553104 956168681E3',45(54)>, status: "Processing", created_at: "2015-08-25 15:56:37", updated_at: "2015-08-28 16:11:48", session_cookie: nil>, "order_lines"=>#<ActiveRecord::Associations::CollectionProxy [#<OrderLine id: 68, order_id: 2, product_id: 2, quantity: #<BigDecimal:7f9ab501b768,'0.1E1',9(18)>, value: #<BigDecimal:7f9ab501b5b0,'0.1199999999 9999999555 9107901499 3738383E1',45(54)>, created_at: "2015-08-28 11:23:42", updated_at: "2015-08-28 11:23:42", status: "Requested">, #<OrderLine id: 69, order_id: 2, product_id: 2, quantity: #<BigDecimal:7f9ab5019698,'0.1E1',9(18)>, value: #<BigDecimal:7f9ab5019580,'0.1199999999 9999999555 9107901499 3738383E1',45(54)>, created_at: "2015-08-28 11:23:47", updated_at: "2015-08-28 11:23:47", status: "Requested">, #<OrderLine id: 43, order_id: 2, product_id: 2, quantity: #<BigDecimal:7f9ab5018518,'0.12E2',9(18)>, value: #<BigDecimal:7f9ab50183d8,'0.12E2',9(18)>, created_at: "2015-08-25 15:56:37", updated_at: "2015-08-25 17:19:43", status: "Delivered">, #<OrderLine id: 44, order_id: 2, product_id: 2, quantity: #<BigDecimal:7f9aacff2fc8,'0.23E2',9(18)>, value: #<BigDecimal:7f9aacff2eb0,'0.12E2',9(18)>, created_at: "2015-08-25 16:00:48", updated_at: "2015-08-25 17:19:52", status: "Delivered">, #<OrderLine id: 45, order_id: 2, product_id: 2, quantity: #<BigDecimal:7f9aacff0750,'0.12E2',9(18)>, value: #<BigDecimal:7f9aacff0318,'0.12E2',9(18)>, created_at: "2015-08-25 16:00:58", updated_at: "2015-08-27 17:13:13", status: "Delivered">, #<OrderLine id: 46, order_id: 2, product_id: 2, quantity: #<BigDecimal:7f9aacfe2ab0,'0.233E3',9(18)>, value: #<BigDecimal:7f9aacfe2920,'0.12E2',9(18)>, created_at: "2015-08-25 16:00:58", updated_at: "2015-08-27 17:13:14", status: "Delivered">, #<OrderLine id: 59, order_id: 2, product_id: 3, quantity: #<BigDecimal:7f9aacfe08f0,'0.1E1',9(18)>, value: #<BigDecimal:7f9aacfe04b8,'0.5E1',9(18)>, created_at: "2015-08-27 20:47:42", updated_at: "2015-08-27 20:48:18", status: "Canceled">, #<OrderLine id: 60, order_id: 2, product_id: 3, quantity: #<BigDecimal:7f9aacf9b020,'0.1E1',9(18)>, value: #<BigDecimal:7f9aacf9aeb8,'0.5E1',9(18)>, created_at: "2015-08-27 20:47:44", updated_at: "2015-08-27 20:48:19", status: "Canceled">, #<OrderLine id: 61, order_id: 2, product_id: 3, quantity: #<BigDecimal:7f9aacf99e50,'0.1E1',9(18)>, value: #<BigDecimal:7f9aacf99d38,'0.5E1',9(18)>, created_at: "2015-08-27 20:47:44", updated_at: "2015-08-27 20:48:20", status: "Canceled">, #<OrderLine id: 62, order_id: 2, product_id: 3, quantity: #<BigDecimal:7f9aacf98370,'0.1E1',9(18)>, value: #<BigDecimal:7f9aacf98258,'0.5E1',9(18)>, created_at: "2015-08-27 20:47:46", updated_at: "2015-08-27 20:48:28", status: "Canceled">, ...]>}
I [2015-08-28 17:11:49.115] [[32mChannel[0m] [order_lines_2] {"order"=>#<Order id: 2, client_id: 3, waiter_id: 4, table_id: 2, total: #<BigDecimal:7f9ab25dfbe8,'0.2711499999 9999999968 9137553104 956168681E3',45(54)>, status: "Processing", created_at: "2015-08-25 15:56:37", updated_at: "2015-08-28 16:11:49", session_cookie: nil>, "order_lines"=>#<ActiveRecord::Associations::CollectionProxy [#<OrderLine id: 68, order_id: 2, product_id: 2, quantity: #<BigDecimal:7f9aace28738,'0.1E1',9(18)>, value: #<BigDecimal:7f9aace28620,'0.1199999999 9999999555 9107901499 3738383E1',45(54)>, created_at: "2015-08-28 11:23:42", updated_at: "2015-08-28 11:23:42", status: "Requested">, #<OrderLine id: 69, order_id: 2, product_id: 2, quantity: #<BigDecimal:7f9ab1f6b6b8,'0.1E1',9(18)>, value: #<BigDecimal:7f9ab1f6b5a0,'0.1199999999 9999999555 9107901499 3738383E1',45(54)>, created_at: "2015-08-28 11:23:47", updated_at: "2015-08-28 11:23:47", status: "Requested">, #<OrderLine id: 43, order_id: 2, product_id: 2, quantity: #<BigDecimal:7f9ab1f6a678,'0.12E2',9(18)>, value: #<BigDecimal:7f9ab1f6a560,'0.12E2',9(18)>, created_at: "2015-08-25 15:56:37", updated_at: "2015-08-25 17:19:43", status: "Delivered">, #<OrderLine id: 44, order_id: 2, product_id: 2, quantity: #<BigDecimal:7f9ab1f69638,'0.23E2',9(18)>, value: #<BigDecimal:7f9ab1f69520,'0.12E2',9(18)>, created_at: "2015-08-25 16:00:48", updated_at: "2015-08-25 17:19:52", status: "Delivered">, #<OrderLine id: 45, order_id: 2, product_id: 2, quantity: #<BigDecimal:7f9ab1f685f8,'0.12E2',9(18)>, value: #<BigDecimal:7f9ab1f684e0,'0.12E2',9(18)>, created_at: "2015-08-25 16:00:58", updated_at: "2015-08-27 17:13:13", status: "Delivered">, #<OrderLine id: 46, order_id: 2, product_id: 2, quantity: #<BigDecimal:7f9ab4bd3570,'0.233E3',9(18)>, value: #<BigDecimal:7f9ab4bd3458,'0.12E2',9(18)>, created_at: "2015-08-25 16:00:58", updated_at: "2015-08-27 17:13:14", status: "Delivered">, #<OrderLine id: 59, order_id: 2, product_id: 3, quantity: #<BigDecimal:7f9ab4bd2530,'0.1E1',9(18)>, value: #<BigDecimal:7f9ab4bd2418,'0.5E1',9(18)>, created_at: "2015-08-27 20:47:42", updated_at: "2015-08-27 20:48:18", status: "Canceled">, #<OrderLine id: 60, order_id: 2, product_id: 3, quantity: #<BigDecimal:7f9ab4bd14f0,'0.1E1',9(18)>, value: #<BigDecimal:7f9ab4bd13d8,'0.5E1',9(18)>, created_at: "2015-08-27 20:47:44", updated_at: "2015-08-27 20:48:19", status: "Canceled">, #<OrderLine id: 61, order_id: 2, product_id: 3, quantity: #<BigDecimal:7f9ab4bd04b0,'0.1E1',9(18)>, value: #<BigDecimal:7f9ab4bd0398,'0.5E1',9(18)>, created_at: "2015-08-27 20:47:44", updated_at: "2015-08-27 20:48:20", status: "Canceled">, #<OrderLine id: 62, order_id: 2, product_id: 3, quantity: #<BigDecimal:7f9ab1fbb410,'0.1E1',9(18)>, value: #<BigDecimal:7f9ab1fbb2f8,'0.5E1',9(18)>, created_at: "2015-08-27 20:47:46", updated_at: "2015-08-27 20:48:28", status: "Canceled">, ...]>}
I [2015-08-28 17:11:49.522] [[32mChannel[0m] [order_lines_2] {"order"=>#<Order id: 2, client_id: 3, waiter_id: 4, table_id: 2, total: #<BigDecimal:7f9ab08d64c0,'0.2761499999 9999999968 9137553104 956168681E3',45(54)>, status: "Processing", created_at: "2015-08-25 15:56:37", updated_at: "2015-08-28 16:11:49", session_cookie: nil>, "order_lines"=>#<ActiveRecord::Associations::CollectionProxy [#<OrderLine id: 68, order_id: 2, product_id: 2, quantity: #<BigDecimal:7f9ab087cc68,'0.1E1',9(18)>, value: #<BigDecimal:7f9ab087cb28,'0.1199999999 9999999555 9107901499 3738383E1',45(54)>, created_at: "2015-08-28 11:23:42", updated_at: "2015-08-28 11:23:42", status: "Requested">, #<OrderLine id: 69, order_id: 2, product_id: 2, quantity: #<BigDecimal:7f9ab0877038,'0.1E1',9(18)>, value: #<BigDecimal:7f9ab0876ef8,'0.1199999999 9999999555 9107901499 3738383E1',45(54)>, created_at: "2015-08-28 11:23:47", updated_at: "2015-08-28 11:23:47", status: "Requested">, #<OrderLine id: 43, order_id: 2, product_id: 2, quantity: #<BigDecimal:7f9ab0875760,'0.12E2',9(18)>, value: #<BigDecimal:7f9ab0875508,'0.12E2',9(18)>, created_at: "2015-08-25 15:56:37", updated_at: "2015-08-25 17:19:43", status: "Delivered">, #<OrderLine id: 44, order_id: 2, product_id: 2, quantity: #<BigDecimal:7f9ab086f220,'0.23E2',9(18)>, value: #<BigDecimal:7f9ab086f068,'0.12E2',9(18)>, created_at: "2015-08-25 16:00:48", updated_at: "2015-08-25 17:19:52", status: "Delivered">, #<OrderLine id: 45, order_id: 2, product_id: 2, quantity: #<BigDecimal:7f9ab086d830,'0.12E2',9(18)>, value: #<BigDecimal:7f9ab086d6f0,'0.12E2',9(18)>, created_at: "2015-08-25 16:00:58", updated_at: "2015-08-27 17:13:13", status: "Delivered">, #<OrderLine id: 46, order_id: 2, product_id: 2, quantity: #<BigDecimal:7f9ab086c160,'0.233E3',9(18)>, value: #<BigDecimal:7f9ab0867ef8,'0.12E2',9(18)>, created_at: "2015-08-25 16:00:58", updated_at: "2015-08-27 17:13:14", status: "Delivered">, #<OrderLine id: 59, order_id: 2, product_id: 3, quantity: #<BigDecimal:7f9ab0866828,'0.1E1',9(18)>, value: #<BigDecimal:7f9ab0866710,'0.5E1',9(18)>, created_at: "2015-08-27 20:47:42", updated_at: "2015-08-27 20:48:18", status: "Canceled">, #<OrderLine id: 60, order_id: 2, product_id: 3, quantity: #<BigDecimal:7f9ab0865680,'0.1E1',9(18)>, value: #<BigDecimal:7f9ab0865478,'0.5E1',9(18)>, created_at: "2015-08-27 20:47:44", updated_at: "2015-08-27 20:48:19", status: "Canceled">, #<OrderLine id: 61, order_id: 2, product_id: 3, quantity: #<BigDecimal:7f9ab085f9d8,'0.1E1',9(18)>, value: #<BigDecimal:7f9ab085f870,'0.5E1',9(18)>, created_at: "2015-08-27 20:47:44", updated_at: "2015-08-27 20:48:20", status: "Canceled">, #<OrderLine id: 62, order_id: 2, product_id: 3, quantity: #<BigDecimal:7f9ab085e240,'0.1E1',9(18)>, value: #<BigDecimal:7f9ab085e100,'0.5E1',9(18)>, created_at: "2015-08-27 20:47:46", updated_at: "2015-08-27 20:48:28", status: "Canceled">, ...]>}
I [2015-08-28 17:11:50.778] [[32mChannel[0m] [order_lines_2] {"order"=>#<Order id: 2, client_id: 3, waiter_id: 4, table_id: 2, total: #<BigDecimal:7f9ab3b70d68,'0.2828999999 9999999968 9137553104 956168681E3',45(54)>, status: "Processing", created_at: "2015-08-25 15:56:37", updated_at: "2015-08-28 16:11:50", session_cookie: nil>, "order_lines"=>#<ActiveRecord::Associations::CollectionProxy [#<OrderLine id: 68, order_id: 2, product_id: 2, quantity: #<BigDecimal:7f9ab38e9a68,'0.1E1',9(18)>, value: #<BigDecimal:7f9ab38e9900,'0.1199999999 9999999555 9107901499 3738383E1',45(54)>, created_at: "2015-08-28 11:23:42", updated_at: "2015-08-28 11:23:42", status: "Requested">, #<OrderLine id: 69, order_id: 2, product_id: 2, quantity: #<BigDecimal:7f9ab38e8230,'0.1E1',9(18)>, value: #<BigDecimal:7f9ab38e80f0,'0.1199999999 9999999555 9107901499 3738383E1',45(54)>, created_at: "2015-08-28 11:23:47", updated_at: "2015-08-28 11:23:47", status: "Requested">, #<OrderLine id: 43, order_id: 2, product_id: 2, quantity: #<BigDecimal:7f9ab38928f8,'0.12E2',9(18)>, value: #<BigDecimal:7f9ab38927b8,'0.12E2',9(18)>, created_at: "2015-08-25 15:56:37", updated_at: "2015-08-25 17:19:43", status: "Delivered">, #<OrderLine id: 44, order_id: 2, product_id: 2, quantity: #<BigDecimal:7f9ab3891070,'0.23E2',9(18)>, value: #<BigDecimal:7f9ab3890f30,'0.12E2',9(18)>, created_at: "2015-08-25 16:00:48", updated_at: "2015-08-25 17:19:52", status: "Delivered">, #<OrderLine id: 45, order_id: 2, product_id: 2, quantity: #<BigDecimal:7f9ab386b870,'0.12E2',9(18)>, value: #<BigDecimal:7f9ab386b730,'0.12E2',9(18)>, created_at: "2015-08-25 16:00:58", updated_at: "2015-08-27 17:13:13", status: "Delivered">, #<OrderLine id: 46, order_id: 2, product_id: 2, quantity: #<BigDecimal:7f9ab3869e58,'0.233E3',9(18)>, value: #<BigDecimal:7f9ab3869d40,'0.12E2',9(18)>, created_at: "2015-08-25 16:00:58", updated_at: "2015-08-27 17:13:14", status: "Delivered">, #<OrderLine id: 59, order_id: 2, product_id: 3, quantity: #<BigDecimal:7f9ab38686e8,'0.1E1',9(18)>, value: #<BigDecimal:7f9ab3868508,'0.5E1',9(18)>, created_at: "2015-08-27 20:47:42", updated_at: "2015-08-27 20:48:18", status: "Canceled">, #<OrderLine id: 60, order_id: 2, product_id: 3, quantity: #<BigDecimal:7f9ab3842b78,'0.1E1',9(18)>, value: #<BigDecimal:7f9ab38429c0,'0.5E1',9(18)>, created_at: "2015-08-27 20:47:44", updated_at: "2015-08-27 20:48:19", status: "Canceled">, #<OrderLine id: 61, order_id: 2, product_id: 3, quantity: #<BigDecimal:7f9ab3840fa8,'0.1E1',9(18)>, value: #<BigDecimal:7f9ab3840e90,'0.5E1',9(18)>, created_at: "2015-08-27 20:47:44", updated_at: "2015-08-27 20:48:20", status: "Canceled">, #<OrderLine id: 62, order_id: 2, product_id: 3, quantity: #<BigDecimal:7f9ab27f3948,'0.1E1',9(18)>, value: #<BigDecimal:7f9ab27f3808,'0.5E1',9(18)>, created_at: "2015-08-27 20:47:46", updated_at: "2015-08-27 20:48:28", status: "Canceled">, ...]>}
I [2015-08-28 17:11:51.160] [[32mChannel[0m] [order_lines_2] {"order"=>#<Order id: 2, client_id: 3, waiter_id: 4, table_id: 2, total: #<BigDecimal:7f9ab3870938,'0.2896499999 9999999968 9137553104 956168681E3',45(54)>, status: "Processing", created_at: "2015-08-25 15:56:37", updated_at: "2015-08-28 16:11:51", session_cookie: nil>, "order_lines"=>#<ActiveRecord::Associations::CollectionProxy [#<OrderLine id: 68, order_id: 2, product_id: 2, quantity: #<BigDecimal:7f9ab261c1d8,'0.1E1',9(18)>, value: #<BigDecimal:7f9ab25bff78,'0.1199999999 9999999555 9107901499 3738383E1',45(54)>, created_at: "2015-08-28 11:23:42", updated_at: "2015-08-28 11:23:42", status: "Requested">, #<OrderLine id: 69, order_id: 2, product_id: 2, quantity: #<BigDecimal:7f9ab25bec18,'0.1E1',9(18)>, value: #<BigDecimal:7f9ab25beb00,'0.1199999999 9999999555 9107901499 3738383E1',45(54)>, created_at: "2015-08-28 11:23:47", updated_at: "2015-08-28 11:23:47", status: "Requested">, #<OrderLine id: 43, order_id: 2, product_id: 2, quantity: #<BigDecimal:7f9ab25bd278,'0.12E2',9(18)>, value: #<BigDecimal:7f9ab25bd138,'0.12E2',9(18)>, created_at: "2015-08-25 15:56:37", updated_at: "2015-08-25 17:19:43", status: "Delivered">, #<OrderLine id: 44, order_id: 2, product_id: 2, quantity: #<BigDecimal:7f9ab25bc080,'0.23E2',9(18)>, value: #<BigDecimal:7f9aace9bee0,'0.12E2',9(18)>, created_at: "2015-08-25 16:00:48", updated_at: "2015-08-25 17:19:52", status: "Delivered">, #<OrderLine id: 45, order_id: 2, product_id: 2, quantity: #<BigDecimal:7f9aace9aea0,'0.12E2',9(18)>, value: #<BigDecimal:7f9aace9ad88,'0.12E2',9(18)>, created_at: "2015-08-25 16:00:58", updated_at: "2015-08-27 17:13:13", status: "Delivered">, #<OrderLine id: 46, order_id: 2, product_id: 2, quantity: #<BigDecimal:7f9aace99078,'0.233E3',9(18)>, value: #<BigDecimal:7f9aace98cb8,'0.12E2',9(18)>, created_at: "2015-08-25 16:00:58", updated_at: "2015-08-27 17:13:14", status: "Delivered">, #<OrderLine id: 59, order_id: 2, product_id: 3, quantity: #<BigDecimal:7f9aace33048,'0.1E1',9(18)>, value: #<BigDecimal:7f9aace32f30,'0.5E1',9(18)>, created_at: "2015-08-27 20:47:42", updated_at: "2015-08-27 20:48:18", status: "Canceled">, #<OrderLine id: 60, order_id: 2, product_id: 3, quantity: #<BigDecimal:7f9aace319f0,'0.1E1',9(18)>, value: #<BigDecimal:7f9aace318d8,'0.5E1',9(18)>, created_at: "2015-08-27 20:47:44", updated_at: "2015-08-27 20:48:19", status: "Canceled">, #<OrderLine id: 61, order_id: 2, product_id: 3, quantity: #<BigDecimal:7f9aace30140,'0.1E1',9(18)>, value: #<BigDecimal:7f9aace30028,'0.5E1',9(18)>, created_at: "2015-08-27 20:47:44", updated_at: "2015-08-27 20:48:20", status: "Canceled">, #<OrderLine id: 62, order_id: 2, product_id: 3, quantity: #<BigDecimal:7f9ab248eac8,'0.1E1',9(18)>, value: #<BigDecimal:7f9ab248e9b0,'0.5E1',9(18)>, created_at: "2015-08-27 20:47:46", updated_at: "2015-08-27 20:48:28", status: "Canceled">, ...]>}
I [2015-08-28 17:11:51.524] [[32mChannel[0m] [order_lines_2] {"order"=>#<Order id: 2, client_id: 3, waiter_id: 4, table_id: 2, total: #<BigDecimal:7f9ab4aa1698,'0.2963999999 9999999968 9137553104 956168681E3',45(54)>, status: "Processing", created_at: "2015-08-25 15:56:37", updated_at: "2015-08-28 16:11:51", session_cookie: nil>, "order_lines"=>#<ActiveRecord::Associations::CollectionProxy [#<OrderLine id: 68, order_id: 2, product_id: 2, quantity: #<BigDecimal:7f9ab1e32990,'0.1E1',9(18)>, value: #<BigDecimal:7f9ab1e32878,'0.1199999999 9999999555 9107901499 3738383E1',45(54)>, created_at: "2015-08-28 11:23:42", updated_at: "2015-08-28 11:23:42", status: "Requested">, #<OrderLine id: 69, order_id: 2, product_id: 2, quantity: #<BigDecimal:7f9ab1e31950,'0.1E1',9(18)>, value: #<BigDecimal:7f9ab1e31838,'0.1199999999 9999999555 9107901499 3738383E1',45(54)>, created_at: "2015-08-28 11:23:47", updated_at: "2015-08-28 11:23:47", status: "Requested">, #<OrderLine id: 43, order_id: 2, product_id: 2, quantity: #<BigDecimal:7f9ab1e308e8,'0.12E2',9(18)>, value: #<BigDecimal:7f9ab1e307d0,'0.12E2',9(18)>, created_at: "2015-08-25 15:56:37", updated_at: "2015-08-25 17:19:43", status: "Delivered">, #<OrderLine id: 44, order_id: 2, product_id: 2, quantity: #<BigDecimal:7f9ab1d5b7b0,'0.23E2',9(18)>, value: #<BigDecimal:7f9ab1d5b698,'0.12E2',9(18)>, created_at: "2015-08-25 16:00:48", updated_at: "2015-08-25 17:19:52", status: "Delivered">, #<OrderLine id: 45, order_id: 2, product_id: 2, quantity: #<BigDecimal:7f9ab1d5a770,'0.12E2',9(18)>, value: #<BigDecimal:7f9ab1d5a658,'0.12E2',9(18)>, created_at: "2015-08-25 16:00:58", updated_at: "2015-08-27 17:13:13", status: "Delivered">, #<OrderLine id: 46, order_id: 2, product_id: 2, quantity: #<BigDecimal:7f9ab1d59730,'0.233E3',9(18)>, value: #<BigDecimal:7f9ab1d59618,'0.12E2',9(18)>, created_at: "2015-08-25 16:00:58", updated_at: "2015-08-27 17:13:14", status: "Delivered">, #<OrderLine id: 59, order_id: 2, product_id: 3, quantity: #<BigDecimal:7f9ab1d586c8,'0.1E1',9(18)>, value: #<BigDecimal:7f9ab1d585b0,'0.5E1',9(18)>, created_at: "2015-08-27 20:47:42", updated_at: "2015-08-27 20:48:18", status: "Canceled">, #<OrderLine id: 60, order_id: 2, product_id: 3, quantity: #<BigDecimal:7f9ab3833650,'0.1E1',9(18)>, value: #<BigDecimal:7f9ab3833538,'0.5E1',9(18)>, created_at: "2015-08-27 20:47:44", updated_at: "2015-08-27 20:48:19", status: "Canceled">, #<OrderLine id: 61, order_id: 2, product_id: 3, quantity: #<BigDecimal:7f9ab3832610,'0.1E1',9(18)>, value: #<BigDecimal:7f9ab38324f8,'0.5E1',9(18)>, created_at: "2015-08-27 20:47:44", updated_at: "2015-08-27 20:48:20", status: "Canceled">, #<OrderLine id: 62, order_id: 2, product_id: 3, quantity: #<BigDecimal:7f9ab38315d0,'0.1E1',9(18)>, value: #<BigDecimal:7f9ab38314b8,'0.5E1',9(18)>, created_at: "2015-08-27 20:47:46", updated_at: "2015-08-27 20:48:28", status: "Canceled">, ...]>}
I [2015-08-28 17:11:52.501] [[32mChannel[0m] [order_lines_2] {"order"=>#<Order id: 2, client_id: 3, waiter_id: 4, table_id: 2, total: #<BigDecimal:7f9aacaa8798,'0.3031499999 9999999968 9137553104 956168681E3',45(54)>, status: "Processing", created_at: "2015-08-25 15:56:37", updated_at: "2015-08-28 16:11:52", session_cookie: nil>, "order_lines"=>#<ActiveRecord::Associations::CollectionProxy [#<OrderLine id: 68, order_id: 2, product_id: 2, quantity: #<BigDecimal:7f9aad92d4a8,'0.1E1',9(18)>, value: #<BigDecimal:7f9aad92d1d8,'0.1199999999 9999999555 9107901499 3738383E1',45(54)>, created_at: "2015-08-28 11:23:42", updated_at: "2015-08-28 11:23:42", status: "Requested">, #<OrderLine id: 69, order_id: 2, product_id: 2, quantity: #<BigDecimal:7f9aad9255a0,'0.1E1',9(18)>, value: #<BigDecimal:7f9aad925348,'0.1199999999 9999999555 9107901499 3738383E1',45(54)>, created_at: "2015-08-28 11:23:47", updated_at: "2015-08-28 11:23:47", status: "Requested">, #<OrderLine id: 43, order_id: 2, product_id: 2, quantity: #<BigDecimal:7f9aad91e110,'0.12E2',9(18)>, value: #<BigDecimal:7f9aad91df80,'0.12E2',9(18)>, created_at: "2015-08-25 15:56:37", updated_at: "2015-08-25 17:19:43", status: "Delivered">, #<OrderLine id: 44, order_id: 2, product_id: 2, quantity: #<BigDecimal:7f9aad915920,'0.23E2',9(18)>, value: #<BigDecimal:7f9aad914ca0,'0.12E2',9(18)>, created_at: "2015-08-25 16:00:48", updated_at: "2015-08-25 17:19:52", status: "Delivered">, #<OrderLine id: 45, order_id: 2, product_id: 2, quantity: #<BigDecimal:7f9aad90c280,'0.12E2',9(18)>, value: #<BigDecimal:7f9aad907d70,'0.12E2',9(18)>, created_at: "2015-08-25 16:00:58", updated_at: "2015-08-27 17:13:13", status: "Delivered">, #<OrderLine id: 46, order_id: 2, product_id: 2, quantity: #<BigDecimal:7f9aad904a80,'0.233E3',9(18)>, value: #<BigDecimal:7f9aad904670,'0.12E2',9(18)>, created_at: "2015-08-25 16:00:58", updated_at: "2015-08-27 17:13:14", status: "Delivered">, #<OrderLine id: 59, order_id: 2, product_id: 3, quantity: #<BigDecimal:7f9aad8fd7f8,'0.1E1',9(18)>, value: #<BigDecimal:7f9aad8fd230,'0.5E1',9(18)>, created_at: "2015-08-27 20:47:42", updated_at: "2015-08-27 20:48:18", status: "Canceled">, #<OrderLine id: 60, order_id: 2, product_id: 3, quantity: #<BigDecimal:7f9aad8f5a80,'0.1E1',9(18)>, value: #<BigDecimal:7f9aad8f5418,'0.5E1',9(18)>, created_at: "2015-08-27 20:47:44", updated_at: "2015-08-27 20:48:19", status: "Canceled">, #<OrderLine id: 61, order_id: 2, product_id: 3, quantity: #<BigDecimal:7f9aad8ee398,'0.1E1',9(18)>, value: #<BigDecimal:7f9aad8edf88,'0.5E1',9(18)>, created_at: "2015-08-27 20:47:44", updated_at: "2015-08-27 20:48:20", status: "Canceled">, #<OrderLine id: 62, order_id: 2, product_id: 3, quantity: #<BigDecimal:7f9aad8e6508,'0.1E1',9(18)>, value: #<BigDecimal:7f9aad8e6198,'0.5E1',9(18)>, created_at: "2015-08-27 20:47:46", updated_at: "2015-08-27 20:48:28", status: "Canceled">, ...]>}
I [2015-08-28 17:11:54.781] [[32mChannel[0m] #<Connection::2063b222a85230d7a909> unsubscribed from channel order_lines_2
I [2015-08-28 17:11:54.781] [[32mConnectionManager[0m] Connection closed: #<Connection::2063b222a85230d7a909>
I [2015-08-28 17:11:55.889] [[32mConnectionManager[0m] Connection opened: #<Connection::b5a7cc6631f1b61c2e5a>
I [2015-08-28 17:11:56.430] [[32mChannel[0m] #<Connection::b5a7cc6631f1b61c2e5a> subscribed to channel order_lines_2
I [2015-08-28 17:11:56.431] [[32mChannel[0m] sending token
I [2015-08-28 17:12:34.733] [[32mChannel[0m] #<Connection::b5a7cc6631f1b61c2e5a> unsubscribed from channel order_lines_2
I [2015-08-28 17:12:34.733] [[32mConnectionManager[0m] Connection closed: #<Connection::b5a7cc6631f1b61c2e5a>
I [2015-08-28 17:12:35.734] [[32mConnectionManager[0m] Connection opened: #<Connection::9b1f7d76f7816f453cd1>
I [2015-08-28 17:12:35.754] [[32mChannel[0m] #<Connection::9b1f7d76f7816f453cd1> subscribed to channel order_lines_2
I [2015-08-28 17:12:35.754] [[32mChannel[0m] sending token
I [2015-08-28 17:12:39.227] [[32mChannel[0m] [order_lines_2] {"order"=>#<Order id: 2, client_id: 3, waiter_id: 4, table_id: 2, total: #<BigDecimal:7f9ab09a8e70,'0.3081499999 9999999968 9137553104 956168681E3',45(54)>, status: "Processing", created_at: "2015-08-25 15:56:37", updated_at: "2015-08-28 16:12:39", session_cookie: nil>, "order_lines"=>#<ActiveRecord::Associations::CollectionProxy [#<OrderLine id: 68, order_id: 2, product_id: 2, quantity: #<BigDecimal:7f9aaf2c3f48,'0.1E1',9(18)>, value: #<BigDecimal:7f9aaf2c3d18,'0.1199999999 9999999555 9107901499 3738383E1',45(54)>, created_at: "2015-08-28 11:23:42", updated_at: "2015-08-28 11:23:42", status: "Requested">, #<OrderLine id: 69, order_id: 2, product_id: 2, quantity: #<BigDecimal:7f9aaf2c1298,'0.1E1',9(18)>, value: #<BigDecimal:7f9aaf2c0f50,'0.1199999999 9999999555 9107901499 3738383E1',45(54)>, created_at: "2015-08-28 11:23:47", updated_at: "2015-08-28 11:23:47", status: "Requested">, #<OrderLine id: 43, order_id: 2, product_id: 2, quantity: #<BigDecimal:7f9aaf29a198,'0.12E2',9(18)>, value: #<BigDecimal:7f9aaf299d38,'0.12E2',9(18)>, created_at: "2015-08-25 15:56:37", updated_at: "2015-08-25 17:19:43", status: "Delivered">, #<OrderLine id: 44, order_id: 2, product_id: 2, quantity: #<BigDecimal:7f9aaf2baf88,'0.23E2',9(18)>, value: #<BigDecimal:7f9aaf2bace0,'0.12E2',9(18)>, created_at: "2015-08-25 16:00:48", updated_at: "2015-08-25 17:19:52", status: "Delivered">, #<OrderLine id: 45, order_id: 2, product_id: 2, quantity: #<BigDecimal:7f9aaf2b8558,'0.12E2',9(18)>, value: #<BigDecimal:7f9aaf2b8328,'0.12E2',9(18)>, created_at: "2015-08-25 16:00:58", updated_at: "2015-08-27 17:13:13", status: "Delivered">, #<OrderLine id: 46, order_id: 2, product_id: 2, quantity: #<BigDecimal:7f9aaf2b0b50,'0.233E3',9(18)>, value: #<BigDecimal:7f9aaf2b0718,'0.12E2',9(18)>, created_at: "2015-08-25 16:00:58", updated_at: "2015-08-27 17:13:14", status: "Delivered">, #<OrderLine id: 59, order_id: 2, product_id: 3, quantity: #<BigDecimal:7f9aaf2954e0,'0.1E1',9(18)>, value: #<BigDecimal:7f9aaf2951c0,'0.5E1',9(18)>, created_at: "2015-08-27 20:47:42", updated_at: "2015-08-27 20:48:18", status: "Canceled">, #<OrderLine id: 60, order_id: 2, product_id: 3, quantity: #<BigDecimal:7f9aaf2a9dc8,'0.1E1',9(18)>, value: #<BigDecimal:7f9aaf2a9a08,'0.5E1',9(18)>, created_at: "2015-08-27 20:47:44", updated_at: "2015-08-27 20:48:19", status: "Canceled">, #<OrderLine id: 61, order_id: 2, product_id: 3, quantity: #<BigDecimal:7f9aaf2a26b8,'0.1E1',9(18)>, value: #<BigDecimal:7f9aaf2a2488,'0.5E1',9(18)>, created_at: "2015-08-27 20:47:44", updated_at: "2015-08-27 20:48:20", status: "Canceled">, #<OrderLine id: 62, order_id: 2, product_id: 3, quantity: #<BigDecimal:7f9aaf2933e8,'0.1E1',9(18)>, value: #<BigDecimal:7f9aaf292e98,'0.5E1',9(18)>, created_at: "2015-08-27 20:47:46", updated_at: "2015-08-27 20:48:28", status: "Canceled">, ...]>}
I [2015-08-28 17:12:57.155] [[32mChannel[0m] #<Connection::9b1f7d76f7816f453cd1> unsubscribed from channel order_lines_2
I [2015-08-28 17:12:57.155] [[32mConnectionManager[0m] Connection closed: #<Connection::9b1f7d76f7816f453cd1>
I [2015-08-28 17:12:58.228] [[32mConnectionManager[0m] Connection opened: #<Connection::bd8e903426b1d9416cb6>
I [2015-08-28 17:12:58.243] [[32mChannel[0m] #<Connection::bd8e903426b1d9416cb6> subscribed to channel order_lines_2
I [2015-08-28 17:12:58.243] [[32mChannel[0m] sending token
I [2015-08-28 17:13:00.944] [[32mChannel[0m] [order_lines_2] {"order"=>#<Order id: 2, client_id: 3, waiter_id: 4, table_id: 2, total: #<BigDecimal:7f9ab0a62b90,'0.3131499999 9999999968 9137553104 956168681E3',45(54)>, status: "Processing", created_at: "2015-08-25 15:56:37", updated_at: "2015-08-28 16:13:00", session_cookie: nil>, "order_lines"=>#<ActiveRecord::Associations::CollectionProxy [#<OrderLine id: 68, order_id: 2, product_id: 2, quantity: #<BigDecimal:7f9ab0a01390,'0.1E1',9(18)>, value: #<BigDecimal:7f9ab0a011d8,'0.1199999999 9999999555 9107901499 3738383E1',45(54)>, created_at: "2015-08-28 11:23:42", updated_at: "2015-08-28 11:23:42", status: "Requested">, #<OrderLine id: 69, order_id: 2, product_id: 2, quantity: #<BigDecimal:7f9ab09fbee0,'0.1E1',9(18)>, value: #<BigDecimal:7f9ab09fbd28,'0.1199999999 9999999555 9107901499 3738383E1',45(54)>, created_at: "2015-08-28 11:23:47", updated_at: "2015-08-28 11:23:47", status: "Requested">, #<OrderLine id: 43, order_id: 2, product_id: 2, quantity: #<BigDecimal:7f9ab09fa3d8,'0.12E2',9(18)>, value: #<BigDecimal:7f9ab09fa298,'0.12E2',9(18)>, created_at: "2015-08-25 15:56:37", updated_at: "2015-08-25 17:19:43", status: "Delivered">, #<OrderLine id: 44, order_id: 2, product_id: 2, quantity: #<BigDecimal:7f9ab09f8ee8,'0.23E2',9(18)>, value: #<BigDecimal:7f9ab09f8d30,'0.12E2',9(18)>, created_at: "2015-08-25 16:00:48", updated_at: "2015-08-25 17:19:52", status: "Delivered">, #<OrderLine id: 45, order_id: 2, product_id: 2, quantity: #<BigDecimal:7f9ab09f3808,'0.12E2',9(18)>, value: #<BigDecimal:7f9ab09f3448,'0.12E2',9(18)>, created_at: "2015-08-25 16:00:58", updated_at: "2015-08-27 17:13:13", status: "Delivered">, #<OrderLine id: 46, order_id: 2, product_id: 2, quantity: #<BigDecimal:7f9ab09f1170,'0.233E3',9(18)>, value: #<BigDecimal:7f9ab09f1058,'0.12E2',9(18)>, created_at: "2015-08-25 16:00:58", updated_at: "2015-08-27 17:13:14", status: "Delivered">, #<OrderLine id: 59, order_id: 2, product_id: 3, quantity: #<BigDecimal:7f9ab09ebe00,'0.1E1',9(18)>, value: #<BigDecimal:7f9ab09ebce8,'0.5E1',9(18)>, created_at: "2015-08-27 20:47:42", updated_at: "2015-08-27 20:48:18", status: "Canceled">, #<OrderLine id: 60, order_id: 2, product_id: 3, quantity: #<BigDecimal:7f9ab09ea7f8,'0.1E1',9(18)>, value: #<BigDecimal:7f9ab09ea6b8,'0.5E1',9(18)>, created_at: "2015-08-27 20:47:44", updated_at: "2015-08-27 20:48:19", status: "Canceled">, #<OrderLine id: 61, order_id: 2, product_id: 3, quantity: #<BigDecimal:7f9ab09e9308,'0.1E1',9(18)>, value: #<BigDecimal:7f9ab09e91c8,'0.5E1',9(18)>, created_at: "2015-08-27 20:47:44", updated_at: "2015-08-27 20:48:20", status: "Canceled">, #<OrderLine id: 62, order_id: 2, product_id: 3, quantity: #<BigDecimal:7f9ab09e39a8,'0.1E1',9(18)>, value: #<BigDecimal:7f9ab09e3890,'0.5E1',9(18)>, created_at: "2015-08-27 20:47:46", updated_at: "2015-08-27 20:48:28", status: "Canceled">, ...]>}
I [2015-08-28 17:17:10.630] [[32mChannel[0m] #<Connection::bd8e903426b1d9416cb6> unsubscribed from channel order_lines_2
I [2015-08-28 17:17:10.630] [[32mConnectionManager[0m] Connection closed: #<Connection::bd8e903426b1d9416cb6>
I [2015-08-28 17:17:11.752] [[32mConnectionManager[0m] Connection opened: #<Connection::ccc5c6a5ea125cc243ed>
I [2015-08-28 17:17:11.772] [[32mChannel[0m] #<Connection::ccc5c6a5ea125cc243ed> subscribed to channel order_lines_2
I [2015-08-28 17:17:11.772] [[32mChannel[0m] sending token
I [2015-08-28 17:17:15.518] [[32mChannel[0m] [order_lines_2] {"order"=>#<Order id: 2, client_id: 3, waiter_id: 4, table_id: 2, total: #<BigDecimal:7f9ab3a23c30,'0.3198999999 9999999968 9137553104 956168681E3',45(54)>, status: "Processing", created_at: "2015-08-25 15:56:37", updated_at: "2015-08-28 16:17:15", session_cookie: nil>, "order_line"=>#<OrderLine id: 115, order_id: 2, product_id: 4, quantity: #<BigDecimal:7f9ab23976d8,'0.1E1',9(27)>, value: #<BigDecimal:7f9ab5878b90,'0.675E1',18(36)>, created_at: "2015-08-28 16:17:15", updated_at: "2015-08-28 16:17:15", status: "Requested">}
I [2015-08-28 17:18:48.203] [[32mConnectionManager[0m] Connection opened: #<Connection::f600c729fd22907af873>
I [2015-08-28 17:18:48.206] [[32mChannel[0m] #<Connection::f600c729fd22907af873> subscribed to channel order_lines_2
I [2015-08-28 17:18:48.206] [[32mChannel[0m] sending token
I [2015-08-28 17:19:09.425] [[32mChannel[0m] #<Connection::f600c729fd22907af873> unsubscribed from channel order_lines_2
I [2015-08-28 17:19:09.427] [[32mConnectionManager[0m] Connection closed: #<Connection::f600c729fd22907af873>
I [2015-08-28 17:19:09.433] [[32mChannel[0m] #<Connection::ccc5c6a5ea125cc243ed> unsubscribed from channel order_lines_2
I [2015-08-28 17:19:09.434] [[32mConnectionManager[0m] Connection closed: #<Connection::ccc5c6a5ea125cc243ed>
I [2015-08-28 17:19:12.187] [[32mConnectionManager[0m] Connection opened: #<Connection::785e4073404871015a03>
I [2015-08-28 17:19:12.191] [[32mChannel[0m] #<Connection::785e4073404871015a03> subscribed to channel order_lines_2
I [2015-08-28 17:19:12.191] [[32mChannel[0m] sending token
I [2015-08-28 17:19:19.537] [[32mChannel[0m] [order_lines_2] {"order"=>#<Order id: 2, client_id: 3, waiter_id: 4, table_id: 2, total: #<BigDecimal:7f9aaf792128,'0.2175E2',18(18)>, status: "Processing", created_at: "2015-08-25 15:56:37", updated_at: "2015-08-28 16:19:19", session_cookie: nil>, "order_line"=>#<OrderLine id: 116, order_id: 2, product_id: 3, quantity: #<BigDecimal:7f9ab180b698,'0.1E1',9(27)>, value: #<BigDecimal:7f9aaf7e2bc8,'0.5E1',9(27)>, created_at: "2015-08-28 16:19:19", updated_at: "2015-08-28 16:19:19", status: "Requested">}
I [2015-08-28 17:24:27.636] [[32mChannel[0m] #<Connection::785e4073404871015a03> unsubscribed from channel order_lines_2
I [2015-08-28 17:24:27.636] [[32mConnectionManager[0m] Connection closed: #<Connection::785e4073404871015a03>
I [2015-08-28 17:24:28.490] [[32mConnectionManager[0m] Connection opened: #<Connection::f108396a8c962e5c8dd8>
I [2015-08-28 17:24:28.492] [[32mChannel[0m] #<Connection::f108396a8c962e5c8dd8> subscribed to channel order_lines_2
I [2015-08-28 17:24:28.493] [[32mChannel[0m] sending token
I [2015-08-28 17:24:30.617] [[32mChannel[0m] [order_lines_2] {"order"=>#<Order id: 2, client_id: 3, waiter_id: 4, table_id: 2, total: #<BigDecimal:7f9aaf423e10,'0.285E2',18(18)>, status: "Processing", created_at: "2015-08-25 15:56:37", updated_at: "2015-08-28 16:24:30", session_cookie: nil>, "order_line"=>#<OrderLine id: 117, order_id: 2, product_id: 4, quantity: #<BigDecimal:7f9ab097e030,'0.1E1',9(27)>, value: #<BigDecimal:7f9aaf498e40,'0.675E1',18(36)>, created_at: "2015-08-28 16:24:30", updated_at: "2015-08-28 16:24:30", status: "Requested">, "product"=>#<Product id: 4, name: "Hot Dog", short_name: "Hot Dog", price: #<BigDecimal:7f9aaf499390,'0.675E1',18(18)>, description: "", category_id: 2, sub_category_id: nil, order: nil, active: true, created_at: "2015-08-23 08:42:21", updated_at: "2015-08-23 08:58:41", image_file_name: nil, image_content_type: nil, image_file_size: nil, image_updated_at: nil>}
I [2015-08-28 17:24:57.538] [[32mChannel[0m] [order_lines_2] {"order"=>#<Order id: 2, client_id: 3, waiter_id: 4, table_id: 2, total: #<BigDecimal:7f9ab3f7ac38,'0.335E2',18(18)>, status: "Processing", created_at: "2015-08-25 15:56:37", updated_at: "2015-08-28 16:24:57", session_cookie: nil>, "order_line"=>#<OrderLine id: 118, order_id: 2, product_id: 3, quantity: #<BigDecimal:7f9ab591b250,'0.1E1',9(27)>, value: #<BigDecimal:7f9ab58538b8,'0.5E1',9(27)>, created_at: "2015-08-28 16:24:57", updated_at: "2015-08-28 16:24:57", status: "Requested">, "product"=>#<Product id: 3, name: "Bitoque", short_name: "Bitoque", price: #<BigDecimal:7f9ab5853d68,'0.5E1',9(18)>, description: "O Bitoque é um prato típico da culinária de Portug...", category_id: 2, sub_category_id: nil, order: nil, active: true, created_at: "2015-08-22 17:42:37", updated_at: "2015-08-24 09:02:42", image_file_name: "c91005a8-429b-42c8-89f3-2b55ca7857ff.jpg", image_content_type: "image/jpeg", image_file_size: 16935, image_updated_at: "2015-08-24 08:57:49">}
I [2015-08-28 17:24:59.615] [[32mChannel[0m] [order_lines_2] {"order"=>#<Order id: 2, client_id: 3, waiter_id: 4, table_id: 2, total: #<BigDecimal:7f9ab1c811f0,'0.3469999999 9999999955 5910790149 93738383E2',45(54)>, status: "Processing", created_at: "2015-08-25 15:56:37", updated_at: "2015-08-28 16:24:59", session_cookie: nil>, "order_line"=>#<OrderLine id: 119, order_id: 2, product_id: 2, quantity: #<BigDecimal:7f9ab22bc3d0,'0.1E1',9(27)>, value: #<BigDecimal:7f9ab1d43e08,'0.1199999999 9999999555 9107901499 3738383E1',45(63)>, created_at: "2015-08-28 16:24:58", updated_at: "2015-08-28 16:24:58", status: "Requested">, "product"=>#<Product id: 2, name: "Beer 75cl", short_name: "Beer 75cl", price: #<BigDecimal:7f9ab3a98440,'0.1199999999 9999999555 9107901499 3738383E1',45(54)>, description: "Sagres", category_id: 4, sub_category_id: nil, order: nil, active: true, created_at: "2015-08-22 17:42:37", updated_at: "2015-08-23 08:42:41", image_file_name: nil, image_content_type: nil, image_file_size: nil, image_updated_at: nil>}
I [2015-08-28 17:25:01.857] [[32mChannel[0m] [order_lines_2] {"order"=>#<Order id: 2, client_id: 3, waiter_id: 4, table_id: 2, total: #<BigDecimal:7f9aadd666a0,'0.3569999999 9999999955 5910790149 93738383E2',45(54)>, status: "Processing", created_at: "2015-08-25 15:56:37", updated_at: "2015-08-28 16:25:01", session_cookie: nil>, "order_line"=>#<OrderLine id: 120, order_id: 2, product_id: 1, quantity: #<BigDecimal:7f9ab1d4b838,'0.1E1',9(27)>, value: #<BigDecimal:7f9ab3a4b938,'0.1E1',9(27)>, created_at: "2015-08-28 16:25:01", updated_at: "2015-08-28 16:25:01", status: "Requested">, "product"=>#<Product id: 1, name: "Beer 50cl", short_name: "Beer 50cl", price: #<BigDecimal:7f9ab3a4bde8,'0.1E1',9(18)>, description: "Sagres", category_id: 4, sub_category_id: nil, order: nil, active: true, created_at: "2015-08-22 17:42:37", updated_at: "2015-08-23 08:41:41", image_file_name: nil, image_content_type: nil, image_file_size: nil, image_updated_at: nil>}
I [2015-08-28 17:25:03.380] [[32mChannel[0m] [order_lines_2] {"order"=>#<Order id: 2, client_id: 3, waiter_id: 4, table_id: 2, total: #<BigDecimal:7f9aaf257ca8,'0.4244999999 9999999955 5910790149 93738383E2',45(54)>, status: "Processing", created_at: "2015-08-25 15:56:37", updated_at: "2015-08-28 16:25:03", session_cookie: nil>, "order_line"=>#<OrderLine id: 121, order_id: 2, product_id: 4, quantity: #<BigDecimal:7f9aaf2f2b90,'0.1E1',9(27)>, value: #<BigDecimal:7f9aaf2bbd48,'0.675E1',18(36)>, created_at: "2015-08-28 16:25:03", updated_at: "2015-08-28 16:25:03", status: "Requested">, "product"=>#<Product id: 4, name: "Hot Dog", short_name: "Hot Dog", price: #<BigDecimal:7f9aaf298c58,'0.675E1',18(18)>, description: "", category_id: 2, sub_category_id: nil, order: nil, active: true, created_at: "2015-08-23 08:42:21", updated_at: "2015-08-23 08:58:41", image_file_name: nil, image_content_type: nil, image_file_size: nil, image_updated_at: nil>}
I [2015-08-28 17:25:04.442] [[32mChannel[0m] [order_lines_2] {"order"=>#<Order id: 2, client_id: 3, waiter_id: 4, table_id: 2, total: #<BigDecimal:7f9ab2346d28,'0.4744999999 9999999955 5910790149 93738383E2',45(54)>, status: "Processing", created_at: "2015-08-25 15:56:37", updated_at: "2015-08-28 16:25:04", session_cookie: nil>, "order_line"=>#<OrderLine id: 122, order_id: 2, product_id: 3, quantity: #<BigDecimal:7f9aadd94910,'0.1E1',9(27)>, value: #<BigDecimal:7f9ab1dcb650,'0.5E1',9(27)>, created_at: "2015-08-28 16:25:04", updated_at: "2015-08-28 16:25:04", status: "Requested">, "product"=>#<Product id: 3, name: "Bitoque", short_name: "Bitoque", price: #<BigDecimal:7f9ab1dcbb00,'0.5E1',9(18)>, description: "O Bitoque é um prato típico da culinária de Portug...", category_id: 2, sub_category_id: nil, order: nil, active: true, created_at: "2015-08-22 17:42:37", updated_at: "2015-08-24 09:02:42", image_file_name: "c91005a8-429b-42c8-89f3-2b55ca7857ff.jpg", image_content_type: "image/jpeg", image_file_size: 16935, image_updated_at: "2015-08-24 08:57:49">}
I [2015-08-28 17:25:51.111] [[32mChannel[0m] #<Connection::f108396a8c962e5c8dd8> unsubscribed from channel order_lines_2
I [2015-08-28 17:25:51.111] [[32mConnectionManager[0m] Connection closed: #<Connection::f108396a8c962e5c8dd8>
I [2015-08-28 17:25:51.580] [[32mConnectionManager[0m] Connection opened: #<Connection::d9ff2e228eeff85bc1df>
I [2015-08-28 17:25:51.594] [[32mChannel[0m] #<Connection::d9ff2e228eeff85bc1df> subscribed to channel order_lines_2
I [2015-08-28 17:25:51.594] [[32mChannel[0m] sending token
I [2015-08-28 17:25:53.701] [[32mChannel[0m] [order_lines_2] {"order"=>#<Order id: 2, client_id: 3, waiter_id: 4, table_id: 2, total: #<BigDecimal:7f9ab3cd9a60,'0.5244999999 9999999955 5910790149 93738383E2',45(54)>, status: "Processing", created_at: "2015-08-25 15:56:37", updated_at: "2015-08-28 16:25:53", session_cookie: nil>, "order_line"=>#<OrderLine id: 123, order_id: 2, product_id: 3, quantity: #<BigDecimal:7f9ab508b220,'0.1E1',9(27)>, value: #<BigDecimal:7f9ab4a41928,'0.5E1',9(27)>, created_at: "2015-08-28 16:25:53", updated_at: "2015-08-28 16:25:53", status: "Requested">, "product"=>#<Product id: 3, name: "Bitoque", short_name: "Bitoque", price: #<BigDecimal:7f9ab4a41e78,'0.5E1',9(18)>, description: "O Bitoque é um prato típico da culinária de Portug...", category_id: 2, sub_category_id: nil, order: nil, active: true, created_at: "2015-08-22 17:42:37", updated_at: "2015-08-24 09:02:42", image_file_name: "c91005a8-429b-42c8-89f3-2b55ca7857ff.jpg", image_content_type: "image/jpeg", image_file_size: 16935, image_updated_at: "2015-08-24 08:57:49">}
I [2015-08-28 17:26:11.123] [[32mChannel[0m] #<Connection::d9ff2e228eeff85bc1df> unsubscribed from channel order_lines_2
I [2015-08-28 17:26:11.123] [[32mConnectionManager[0m] Connection closed: #<Connection::d9ff2e228eeff85bc1df>
I [2015-08-28 17:26:11.556] [[32mConnectionManager[0m] Connection opened: #<Connection::774680c6a9fc7e671575>
I [2015-08-28 17:26:11.559] [[32mChannel[0m] #<Connection::774680c6a9fc7e671575> subscribed to channel order_lines_2
I [2015-08-28 17:26:11.559] [[32mChannel[0m] sending token
I [2015-08-28 17:26:13.351] [[32mChannel[0m] [order_lines_2] {"order"=>#<Order id: 2, client_id: 3, waiter_id: 4, table_id: 2, total: #<BigDecimal:7f9ab3da3b08,'0.5744999999 9999999955 5910790149 93738383E2',45(54)>, status: "Processing", created_at: "2015-08-25 15:56:37", updated_at: "2015-08-28 16:26:13", session_cookie: nil>, "order_line"=>#<OrderLine id: 124, order_id: 2, product_id: 3, quantity: #<BigDecimal:7f9ab3f7bc50,'0.1E1',9(27)>, value: #<BigDecimal:7f9ab4c812d8,'0.5E1',9(27)>, created_at: "2015-08-28 16:26:13", updated_at: "2015-08-28 16:26:13", status: "Requested">, "product"=>#<Product id: 3, name: "Bitoque", short_name: "Bitoque", price: #<BigDecimal:7f9ab4c81878,'0.5E1',9(18)>, description: "O Bitoque é um prato típico da culinária de Portug...", category_id: 2, sub_category_id: nil, order: nil, active: true, created_at: "2015-08-22 17:42:37", updated_at: "2015-08-24 09:02:42", image_file_name: "c91005a8-429b-42c8-89f3-2b55ca7857ff.jpg", image_content_type: "image/jpeg", image_file_size: 16935, image_updated_at: "2015-08-24 08:57:49">}
I [2015-08-28 17:26:16.864] [[32mChannel[0m] [order_lines_2] {"order"=>#<Order id: 2, client_id: 3, waiter_id: 4, table_id: 2, total: #<BigDecimal:7f9ab5840b28,'0.6244999999 9999999955 5910790149 93738383E2',45(54)>, status: "Processing", created_at: "2015-08-25 15:56:37", updated_at: "2015-08-28 16:26:16", session_cookie: nil>, "order_line"=>#<OrderLine id: 125, order_id: 2, product_id: 3, quantity: #<BigDecimal:7f9aadd24070,'0.1E1',9(27)>, value: #<BigDecimal:7f9ab3a71160,'0.5E1',9(27)>, created_at: "2015-08-28 16:26:16", updated_at: "2015-08-28 16:26:16", status: "Requested">, "product"=>#<Product id: 3, name: "Bitoque", short_name: "Bitoque", price: #<BigDecimal:7f9ab3a71610,'0.5E1',9(18)>, description: "O Bitoque é um prato típico da culinária de Portug...", category_id: 2, sub_category_id: nil, order: nil, active: true, created_at: "2015-08-22 17:42:37", updated_at: "2015-08-24 09:02:42", image_file_name: "c91005a8-429b-42c8-89f3-2b55ca7857ff.jpg", image_content_type: "image/jpeg", image_file_size: 16935, image_updated_at: "2015-08-24 08:57:49">}
I [2015-08-28 17:27:14.802] [[32mChannel[0m] #<Connection::774680c6a9fc7e671575> unsubscribed from channel order_lines_2
I [2015-08-28 17:27:14.803] [[32mConnectionManager[0m] Connection closed: #<Connection::774680c6a9fc7e671575>
I [2015-08-28 17:27:15.254] [[32mConnectionManager[0m] Connection opened: #<Connection::b5311df22b7763a7dbe1>
I [2015-08-28 17:27:15.258] [[32mChannel[0m] #<Connection::b5311df22b7763a7dbe1> subscribed to channel order_lines_2
I [2015-08-28 17:27:15.258] [[32mChannel[0m] sending token
I [2015-08-28 17:27:16.963] [[32mChannel[0m] [order_lines_2] {"order"=>#<Order id: 2, client_id: 3, waiter_id: 4, table_id: 2, total: #<BigDecimal:7f9aade0d928,'0.6919999999 9999999955 5910790149 93738383E2',45(54)>, status: "Processing", created_at: "2015-08-25 15:56:37", updated_at: "2015-08-28 16:27:16", session_cookie: nil>, "order_line"=>#<OrderLine id: 126, order_id: 2, product_id: 4, quantity: #<BigDecimal:7f9ab0f2c1f8,'0.1E1',9(27)>, value: #<BigDecimal:7f9ab1d69630,'0.675E1',18(36)>, created_at: "2015-08-28 16:27:16", updated_at: "2015-08-28 16:27:16", status: "Requested">, "product"=>#<Product id: 4, name: "Hot Dog", short_name: "Hot Dog", price: #<BigDecimal:7f9ab1d69ae0,'0.675E1',18(18)>, description: "", category_id: 2, sub_category_id: nil, order: nil, active: true, created_at: "2015-08-23 08:42:21", updated_at: "2015-08-23 08:58:41", image_file_name: nil, image_content_type: nil, image_file_size: nil, image_updated_at: nil>}
I [2015-08-28 17:27:19.451] [[32mChannel[0m] [order_lines_2] {"order"=>#<Order id: 2, client_id: 3, waiter_id: 4, table_id: 2, total: #<BigDecimal:7f9ab0f0e4a0,'0.7419999999 9999999955 5910790149 93738383E2',45(54)>, status: "Processing", created_at: "2015-08-25 15:56:37", updated_at: "2015-08-28 16:27:19", session_cookie: nil>, "order_line"=>#<OrderLine id: 127, order_id: 2, product_id: 3, quantity: #<BigDecimal:7f9ab0f6acc8,'0.1E1',9(27)>, value: #<BigDecimal:7f9ab0f49d48,'0.5E1',9(27)>, created_at: "2015-08-28 16:27:19", updated_at: "2015-08-28 16:27:19", status: "Requested">, "product"=>#<Product id: 3, name: "Bitoque", short_name: "Bitoque", price: #<BigDecimal:7f9ab0f4a4c8,'0.5E1',9(18)>, description: "O Bitoque é um prato típico da culinária de Portug...", category_id: 2, sub_category_id: nil, order: nil, active: true, created_at: "2015-08-22 17:42:37", updated_at: "2015-08-24 09:02:42", image_file_name: "c91005a8-429b-42c8-89f3-2b55ca7857ff.jpg", image_content_type: "image/jpeg", image_file_size: 16935, image_updated_at: "2015-08-24 08:57:49">}
I [2015-08-28 17:27:33.568] [[32mChannel[0m] [order_lines_2] {"order"=>#<Order id: 2, client_id: 3, waiter_id: 4, table_id: 2, total: #<BigDecimal:7f9ab3f61f30,'0.7919999999 9999999955 5910790149 93738383E2',45(54)>, status: "Processing", created_at: "2015-08-25 15:56:37", updated_at: "2015-08-28 16:27:33", session_cookie: nil>, "order_line"=>#<OrderLine id: 128, order_id: 2, product_id: 3, quantity: #<BigDecimal:7f9ab3a211d8,'0.1E1',9(27)>, value: #<BigDecimal:7f9aaddb5fc0,'0.5E1',9(27)>, created_at: "2015-08-28 16:27:33", updated_at: "2015-08-28 16:27:33", status: "Requested">, "product"=>#<Product id: 3, name: "Bitoque", short_name: "Bitoque", price: #<BigDecimal:7f9aaddb6470,'0.5E1',9(18)>, description: "O Bitoque é um prato típico da culinária de Portug...", category_id: 2, sub_category_id: nil, order: nil, active: true, created_at: "2015-08-22 17:42:37", updated_at: "2015-08-24 09:02:42", image_file_name: "c91005a8-429b-42c8-89f3-2b55ca7857ff.jpg", image_content_type: "image/jpeg", image_file_size: 16935, image_updated_at: "2015-08-24 08:57:49">}
I [2015-08-28 17:28:03.970] [[32mChannel[0m] #<Connection::b5311df22b7763a7dbe1> unsubscribed from channel order_lines_2
I [2015-08-28 17:28:03.980] [[32mConnectionManager[0m] Connection closed: #<Connection::b5311df22b7763a7dbe1>
